<?xml version="1.0" encoding="UTF-8"?>
<testsuite xmlns:xsi="http://www.w3.org/2001/XMLSchema-instance" xsi:noNamespaceSchemaLocation="https://maven.apache.org/surefire/maven-surefire-plugin/xsd/surefire-test-report.xsd" name="com.wen.weaving.WeavingApplicationTests" time="8.157" tests="1" errors="0" skipped="0" failures="0">
  <properties>
    <property name="sun.desktop" value="windows"/>
    <property name="awt.toolkit" value="sun.awt.windows.WToolkit"/>
    <property name="file.encoding.pkg" value="sun.io"/>
    <property name="java.specification.version" value="1.8"/>
    <property name="sun.cpu.isalist" value="amd64"/>
    <property name="sun.jnu.encoding" value="GBK"/>
    <property name="java.class.path" value="D:\Desktop\Java学习代码\weaving\target\test-classes;D:\Desktop\Java学习代码\weaving\target\classes;D:\Environment\maven\apache-maven-3.8.1\maven-repo\org\springframework\boot\spring-boot-starter-web\2.5.5\spring-boot-starter-web-2.5.5.jar;D:\Environment\maven\apache-maven-3.8.1\maven-repo\org\springframework\boot\spring-boot-starter\2.5.5\spring-boot-starter-2.5.5.jar;D:\Environment\maven\apache-maven-3.8.1\maven-repo\org\springframework\boot\spring-boot\2.5.5\spring-boot-2.5.5.jar;D:\Environment\maven\apache-maven-3.8.1\maven-repo\org\springframework\boot\spring-boot-starter-logging\2.5.5\spring-boot-starter-logging-2.5.5.jar;D:\Environment\maven\apache-maven-3.8.1\maven-repo\ch\qos\logback\logback-classic\1.2.6\logback-classic-1.2.6.jar;D:\Environment\maven\apache-maven-3.8.1\maven-repo\ch\qos\logback\logback-core\1.2.6\logback-core-1.2.6.jar;D:\Environment\maven\apache-maven-3.8.1\maven-repo\org\apache\logging\log4j\log4j-to-slf4j\2.14.1\log4j-to-slf4j-2.14.1.jar;D:\Environment\maven\apache-maven-3.8.1\maven-repo\org\apache\logging\log4j\log4j-api\2.14.1\log4j-api-2.14.1.jar;D:\Environment\maven\apache-maven-3.8.1\maven-repo\org\slf4j\jul-to-slf4j\1.7.32\jul-to-slf4j-1.7.32.jar;D:\Environment\maven\apache-maven-3.8.1\maven-repo\jakarta\annotation\jakarta.annotation-api\1.3.5\jakarta.annotation-api-1.3.5.jar;D:\Environment\maven\apache-maven-3.8.1\maven-repo\org\yaml\snakeyaml\1.28\snakeyaml-1.28.jar;D:\Environment\maven\apache-maven-3.8.1\maven-repo\org\springframework\boot\spring-boot-starter-json\2.5.5\spring-boot-starter-json-2.5.5.jar;D:\Environment\maven\apache-maven-3.8.1\maven-repo\com\fasterxml\jackson\core\jackson-databind\2.12.5\jackson-databind-2.12.5.jar;D:\Environment\maven\apache-maven-3.8.1\maven-repo\com\fasterxml\jackson\core\jackson-core\2.12.5\jackson-core-2.12.5.jar;D:\Environment\maven\apache-maven-3.8.1\maven-repo\com\fasterxml\jackson\datatype\jackson-datatype-jdk8\2.12.5\jackson-datatype-jdk8-2.12.5.jar;D:\Environment\maven\apache-maven-3.8.1\maven-repo\com\fasterxml\jackson\datatype\jackson-datatype-jsr310\2.12.5\jackson-datatype-jsr310-2.12.5.jar;D:\Environment\maven\apache-maven-3.8.1\maven-repo\com\fasterxml\jackson\module\jackson-module-parameter-names\2.12.5\jackson-module-parameter-names-2.12.5.jar;D:\Environment\maven\apache-maven-3.8.1\maven-repo\org\springframework\boot\spring-boot-starter-tomcat\2.5.5\spring-boot-starter-tomcat-2.5.5.jar;D:\Environment\maven\apache-maven-3.8.1\maven-repo\org\apache\tomcat\embed\tomcat-embed-core\9.0.53\tomcat-embed-core-9.0.53.jar;D:\Environment\maven\apache-maven-3.8.1\maven-repo\org\apache\tomcat\embed\tomcat-embed-el\9.0.53\tomcat-embed-el-9.0.53.jar;D:\Environment\maven\apache-maven-3.8.1\maven-repo\org\apache\tomcat\embed\tomcat-embed-websocket\9.0.53\tomcat-embed-websocket-9.0.53.jar;D:\Environment\maven\apache-maven-3.8.1\maven-repo\org\springframework\spring-web\5.3.10\spring-web-5.3.10.jar;D:\Environment\maven\apache-maven-3.8.1\maven-repo\org\springframework\spring-beans\5.3.10\spring-beans-5.3.10.jar;D:\Environment\maven\apache-maven-3.8.1\maven-repo\org\springframework\spring-webmvc\5.3.10\spring-webmvc-5.3.10.jar;D:\Environment\maven\apache-maven-3.8.1\maven-repo\org\springframework\spring-context\5.3.10\spring-context-5.3.10.jar;D:\Environment\maven\apache-maven-3.8.1\maven-repo\org\springframework\spring-expression\5.3.10\spring-expression-5.3.10.jar;D:\Environment\maven\apache-maven-3.8.1\maven-repo\org\mariadb\jdbc\mariadb-java-client\2.7.3\mariadb-java-client-2.7.3.jar;D:\Environment\maven\apache-maven-3.8.1\maven-repo\org\projectlombok\lombok\1.18.20\lombok-1.18.20.jar;D:\Environment\maven\apache-maven-3.8.1\maven-repo\org\springframework\boot\spring-boot-starter-test\2.5.5\spring-boot-starter-test-2.5.5.jar;D:\Environment\maven\apache-maven-3.8.1\maven-repo\org\springframework\boot\spring-boot-test\2.5.5\spring-boot-test-2.5.5.jar;D:\Environment\maven\apache-maven-3.8.1\maven-repo\org\springframework\boot\spring-boot-test-autoconfigure\2.5.5\spring-boot-test-autoconfigure-2.5.5.jar;D:\Environment\maven\apache-maven-3.8.1\maven-repo\com\jayway\jsonpath\json-path\2.5.0\json-path-2.5.0.jar;D:\Environment\maven\apache-maven-3.8.1\maven-repo\net\minidev\json-smart\2.4.7\json-smart-2.4.7.jar;D:\Environment\maven\apache-maven-3.8.1\maven-repo\net\minidev\accessors-smart\2.4.7\accessors-smart-2.4.7.jar;D:\Environment\maven\apache-maven-3.8.1\maven-repo\org\ow2\asm\asm\9.1\asm-9.1.jar;D:\Environment\maven\apache-maven-3.8.1\maven-repo\jakarta\xml\bind\jakarta.xml.bind-api\2.3.3\jakarta.xml.bind-api-2.3.3.jar;D:\Environment\maven\apache-maven-3.8.1\maven-repo\jakarta\activation\jakarta.activation-api\1.2.2\jakarta.activation-api-1.2.2.jar;D:\Environment\maven\apache-maven-3.8.1\maven-repo\org\assertj\assertj-core\3.19.0\assertj-core-3.19.0.jar;D:\Environment\maven\apache-maven-3.8.1\maven-repo\org\hamcrest\hamcrest\2.2\hamcrest-2.2.jar;D:\Environment\maven\apache-maven-3.8.1\maven-repo\org\junit\jupiter\junit-jupiter\5.7.2\junit-jupiter-5.7.2.jar;D:\Environment\maven\apache-maven-3.8.1\maven-repo\org\junit\jupiter\junit-jupiter-api\5.7.2\junit-jupiter-api-5.7.2.jar;D:\Environment\maven\apache-maven-3.8.1\maven-repo\org\apiguardian\apiguardian-api\1.1.0\apiguardian-api-1.1.0.jar;D:\Environment\maven\apache-maven-3.8.1\maven-repo\org\opentest4j\opentest4j\1.2.0\opentest4j-1.2.0.jar;D:\Environment\maven\apache-maven-3.8.1\maven-repo\org\junit\platform\junit-platform-commons\1.7.2\junit-platform-commons-1.7.2.jar;D:\Environment\maven\apache-maven-3.8.1\maven-repo\org\junit\jupiter\junit-jupiter-params\5.7.2\junit-jupiter-params-5.7.2.jar;D:\Environment\maven\apache-maven-3.8.1\maven-repo\org\junit\jupiter\junit-jupiter-engine\5.7.2\junit-jupiter-engine-5.7.2.jar;D:\Environment\maven\apache-maven-3.8.1\maven-repo\org\junit\platform\junit-platform-engine\1.7.2\junit-platform-engine-1.7.2.jar;D:\Environment\maven\apache-maven-3.8.1\maven-repo\org\mockito\mockito-core\3.9.0\mockito-core-3.9.0.jar;D:\Environment\maven\apache-maven-3.8.1\maven-repo\net\bytebuddy\byte-buddy\1.10.22\byte-buddy-1.10.22.jar;D:\Environment\maven\apache-maven-3.8.1\maven-repo\net\bytebuddy\byte-buddy-agent\1.10.22\byte-buddy-agent-1.10.22.jar;D:\Environment\maven\apache-maven-3.8.1\maven-repo\org\objenesis\objenesis\3.2\objenesis-3.2.jar;D:\Environment\maven\apache-maven-3.8.1\maven-repo\org\mockito\mockito-junit-jupiter\3.9.0\mockito-junit-jupiter-3.9.0.jar;D:\Environment\maven\apache-maven-3.8.1\maven-repo\org\skyscreamer\jsonassert\1.5.0\jsonassert-1.5.0.jar;D:\Environment\maven\apache-maven-3.8.1\maven-repo\com\vaadin\external\google\android-json\0.0.20131108.vaadin1\android-json-0.0.20131108.vaadin1.jar;D:\Environment\maven\apache-maven-3.8.1\maven-repo\org\springframework\spring-core\5.3.10\spring-core-5.3.10.jar;D:\Environment\maven\apache-maven-3.8.1\maven-repo\org\springframework\spring-jcl\5.3.10\spring-jcl-5.3.10.jar;D:\Environment\maven\apache-maven-3.8.1\maven-repo\org\springframework\spring-test\5.3.10\spring-test-5.3.10.jar;D:\Environment\maven\apache-maven-3.8.1\maven-repo\org\xmlunit\xmlunit-core\2.8.2\xmlunit-core-2.8.2.jar;D:\Environment\maven\apache-maven-3.8.1\maven-repo\org\mybatis\spring\boot\mybatis-spring-boot-starter\2.2.0\mybatis-spring-boot-starter-2.2.0.jar;D:\Environment\maven\apache-maven-3.8.1\maven-repo\org\springframework\boot\spring-boot-starter-jdbc\2.5.5\spring-boot-starter-jdbc-2.5.5.jar;D:\Environment\maven\apache-maven-3.8.1\maven-repo\com\zaxxer\HikariCP\4.0.3\HikariCP-4.0.3.jar;D:\Environment\maven\apache-maven-3.8.1\maven-repo\org\springframework\spring-jdbc\5.3.10\spring-jdbc-5.3.10.jar;D:\Environment\maven\apache-maven-3.8.1\maven-repo\org\springframework\spring-tx\5.3.10\spring-tx-5.3.10.jar;D:\Environment\maven\apache-maven-3.8.1\maven-repo\org\mybatis\spring\boot\mybatis-spring-boot-autoconfigure\2.2.0\mybatis-spring-boot-autoconfigure-2.2.0.jar;D:\Environment\maven\apache-maven-3.8.1\maven-repo\org\mybatis\mybatis\3.5.7\mybatis-3.5.7.jar;D:\Environment\maven\apache-maven-3.8.1\maven-repo\org\mybatis\mybatis-spring\2.0.6\mybatis-spring-2.0.6.jar;D:\Environment\maven\apache-maven-3.8.1\maven-repo\com\baomidou\mybatis-plus-boot-starter\3.4.3.1\mybatis-plus-boot-starter-3.4.3.1.jar;D:\Environment\maven\apache-maven-3.8.1\maven-repo\com\baomidou\mybatis-plus\3.4.3.1\mybatis-plus-3.4.3.1.jar;D:\Environment\maven\apache-maven-3.8.1\maven-repo\com\baomidou\mybatis-plus-extension\3.4.3.1\mybatis-plus-extension-3.4.3.1.jar;D:\Environment\maven\apache-maven-3.8.1\maven-repo\com\baomidou\mybatis-plus-core\3.4.3.1\mybatis-plus-core-3.4.3.1.jar;D:\Environment\maven\apache-maven-3.8.1\maven-repo\com\baomidou\mybatis-plus-annotation\3.4.3.1\mybatis-plus-annotation-3.4.3.1.jar;D:\Environment\maven\apache-maven-3.8.1\maven-repo\com\github\jsqlparser\jsqlparser\4.0\jsqlparser-4.0.jar;D:\Environment\maven\apache-maven-3.8.1\maven-repo\org\springframework\boot\spring-boot-autoconfigure\2.5.5\spring-boot-autoconfigure-2.5.5.jar;D:\Environment\maven\apache-maven-3.8.1\maven-repo\io\springfox\springfox-swagger2\2.7.0\springfox-swagger2-2.7.0.jar;D:\Environment\maven\apache-maven-3.8.1\maven-repo\io\swagger\swagger-annotations\1.5.13\swagger-annotations-1.5.13.jar;D:\Environment\maven\apache-maven-3.8.1\maven-repo\io\swagger\swagger-models\1.5.13\swagger-models-1.5.13.jar;D:\Environment\maven\apache-maven-3.8.1\maven-repo\com\fasterxml\jackson\core\jackson-annotations\2.12.5\jackson-annotations-2.12.5.jar;D:\Environment\maven\apache-maven-3.8.1\maven-repo\io\springfox\springfox-spi\2.7.0\springfox-spi-2.7.0.jar;D:\Environment\maven\apache-maven-3.8.1\maven-repo\io\springfox\springfox-core\2.7.0\springfox-core-2.7.0.jar;D:\Environment\maven\apache-maven-3.8.1\maven-repo\io\springfox\springfox-schema\2.7.0\springfox-schema-2.7.0.jar;D:\Environment\maven\apache-maven-3.8.1\maven-repo\io\springfox\springfox-swagger-common\2.7.0\springfox-swagger-common-2.7.0.jar;D:\Environment\maven\apache-maven-3.8.1\maven-repo\io\springfox\springfox-spring-web\2.7.0\springfox-spring-web-2.7.0.jar;D:\Environment\maven\apache-maven-3.8.1\maven-repo\org\reflections\reflections\0.9.11\reflections-0.9.11.jar;D:\Environment\maven\apache-maven-3.8.1\maven-repo\org\javassist\javassist\3.21.0-GA\javassist-3.21.0-GA.jar;D:\Environment\maven\apache-maven-3.8.1\maven-repo\com\google\guava\guava\18.0\guava-18.0.jar;D:\Environment\maven\apache-maven-3.8.1\maven-repo\com\fasterxml\classmate\1.5.1\classmate-1.5.1.jar;D:\Environment\maven\apache-maven-3.8.1\maven-repo\org\slf4j\slf4j-api\1.7.32\slf4j-api-1.7.32.jar;D:\Environment\maven\apache-maven-3.8.1\maven-repo\org\springframework\plugin\spring-plugin-core\1.2.0.RELEASE\spring-plugin-core-1.2.0.RELEASE.jar;D:\Environment\maven\apache-maven-3.8.1\maven-repo\org\springframework\plugin\spring-plugin-metadata\1.2.0.RELEASE\spring-plugin-metadata-1.2.0.RELEASE.jar;D:\Environment\maven\apache-maven-3.8.1\maven-repo\org\mapstruct\mapstruct\1.1.0.Final\mapstruct-1.1.0.Final.jar;D:\Environment\maven\apache-maven-3.8.1\maven-repo\io\springfox\springfox-swagger-ui\2.7.0\springfox-swagger-ui-2.7.0.jar;D:\Environment\maven\apache-maven-3.8.1\maven-repo\com\github\xiaoymin\swagger-bootstrap-ui\1.9.3\swagger-bootstrap-ui-1.9.3.jar;D:\Environment\maven\apache-maven-3.8.1\maven-repo\net\sf\json-lib\json-lib\2.4\json-lib-2.4-jdk13.jar;D:\Environment\maven\apache-maven-3.8.1\maven-repo\commons-beanutils\commons-beanutils\1.8.0\commons-beanutils-1.8.0.jar;D:\Environment\maven\apache-maven-3.8.1\maven-repo\commons-collections\commons-collections\3.2.1\commons-collections-3.2.1.jar;D:\Environment\maven\apache-maven-3.8.1\maven-repo\commons-lang\commons-lang\2.5\commons-lang-2.5.jar;D:\Environment\maven\apache-maven-3.8.1\maven-repo\commons-logging\commons-logging\1.1.1\commons-logging-1.1.1.jar;D:\Environment\maven\apache-maven-3.8.1\maven-repo\net\sf\ezmorph\ezmorph\1.0.6\ezmorph-1.0.6.jar;D:\Environment\maven\apache-maven-3.8.1\maven-repo\cn\hutool\hutool-all\5.7.7\hutool-all-5.7.7.jar;D:\Environment\maven\apache-maven-3.8.1\maven-repo\org\springframework\boot\spring-boot-starter-aop\2.5.5\spring-boot-starter-aop-2.5.5.jar;D:\Environment\maven\apache-maven-3.8.1\maven-repo\org\springframework\spring-aop\5.3.10\spring-aop-5.3.10.jar;D:\Environment\maven\apache-maven-3.8.1\maven-repo\org\aspectj\aspectjweaver\1.9.7\aspectjweaver-1.9.7.jar;"/>
    <property name="java.vm.vendor" value="Oracle Corporation"/>
    <property name="sun.arch.data.model" value="64"/>
    <property name="user.variant" value=""/>
    <property name="java.vendor.url" value="http://java.oracle.com/"/>
    <property name="user.timezone" value="Asia/Shanghai"/>
    <property name="java.vm.specification.version" value="1.8"/>
    <property name="os.name" value="Windows 10"/>
    <property name="user.country" value="CN"/>
    <property name="sun.java.launcher" value="SUN_STANDARD"/>
    <property name="sun.boot.library.path" value="C:\Program Files\Java\jdk1.8.0_202\jre\bin"/>
    <property name="sun.java.command" value="C:\Users\79014\AppData\Local\Temp\surefire7690600854227319350\surefirebooter8275302815651563919.jar C:\Users\79014\AppData\Local\Temp\surefire7690600854227319350 2022-01-03T20-52-20_813-jvmRun1 surefire9161294760650926181tmp surefire_04386780935912652871tmp"/>
    <property name="surefire.test.class.path" value="D:\Desktop\Java学习代码\weaving\target\test-classes;D:\Desktop\Java学习代码\weaving\target\classes;D:\Environment\maven\apache-maven-3.8.1\maven-repo\org\springframework\boot\spring-boot-starter-web\2.5.5\spring-boot-starter-web-2.5.5.jar;D:\Environment\maven\apache-maven-3.8.1\maven-repo\org\springframework\boot\spring-boot-starter\2.5.5\spring-boot-starter-2.5.5.jar;D:\Environment\maven\apache-maven-3.8.1\maven-repo\org\springframework\boot\spring-boot\2.5.5\spring-boot-2.5.5.jar;D:\Environment\maven\apache-maven-3.8.1\maven-repo\org\springframework\boot\spring-boot-starter-logging\2.5.5\spring-boot-starter-logging-2.5.5.jar;D:\Environment\maven\apache-maven-3.8.1\maven-repo\ch\qos\logback\logback-classic\1.2.6\logback-classic-1.2.6.jar;D:\Environment\maven\apache-maven-3.8.1\maven-repo\ch\qos\logback\logback-core\1.2.6\logback-core-1.2.6.jar;D:\Environment\maven\apache-maven-3.8.1\maven-repo\org\apache\logging\log4j\log4j-to-slf4j\2.14.1\log4j-to-slf4j-2.14.1.jar;D:\Environment\maven\apache-maven-3.8.1\maven-repo\org\apache\logging\log4j\log4j-api\2.14.1\log4j-api-2.14.1.jar;D:\Environment\maven\apache-maven-3.8.1\maven-repo\org\slf4j\jul-to-slf4j\1.7.32\jul-to-slf4j-1.7.32.jar;D:\Environment\maven\apache-maven-3.8.1\maven-repo\jakarta\annotation\jakarta.annotation-api\1.3.5\jakarta.annotation-api-1.3.5.jar;D:\Environment\maven\apache-maven-3.8.1\maven-repo\org\yaml\snakeyaml\1.28\snakeyaml-1.28.jar;D:\Environment\maven\apache-maven-3.8.1\maven-repo\org\springframework\boot\spring-boot-starter-json\2.5.5\spring-boot-starter-json-2.5.5.jar;D:\Environment\maven\apache-maven-3.8.1\maven-repo\com\fasterxml\jackson\core\jackson-databind\2.12.5\jackson-databind-2.12.5.jar;D:\Environment\maven\apache-maven-3.8.1\maven-repo\com\fasterxml\jackson\core\jackson-core\2.12.5\jackson-core-2.12.5.jar;D:\Environment\maven\apache-maven-3.8.1\maven-repo\com\fasterxml\jackson\datatype\jackson-datatype-jdk8\2.12.5\jackson-datatype-jdk8-2.12.5.jar;D:\Environment\maven\apache-maven-3.8.1\maven-repo\com\fasterxml\jackson\datatype\jackson-datatype-jsr310\2.12.5\jackson-datatype-jsr310-2.12.5.jar;D:\Environment\maven\apache-maven-3.8.1\maven-repo\com\fasterxml\jackson\module\jackson-module-parameter-names\2.12.5\jackson-module-parameter-names-2.12.5.jar;D:\Environment\maven\apache-maven-3.8.1\maven-repo\org\springframework\boot\spring-boot-starter-tomcat\2.5.5\spring-boot-starter-tomcat-2.5.5.jar;D:\Environment\maven\apache-maven-3.8.1\maven-repo\org\apache\tomcat\embed\tomcat-embed-core\9.0.53\tomcat-embed-core-9.0.53.jar;D:\Environment\maven\apache-maven-3.8.1\maven-repo\org\apache\tomcat\embed\tomcat-embed-el\9.0.53\tomcat-embed-el-9.0.53.jar;D:\Environment\maven\apache-maven-3.8.1\maven-repo\org\apache\tomcat\embed\tomcat-embed-websocket\9.0.53\tomcat-embed-websocket-9.0.53.jar;D:\Environment\maven\apache-maven-3.8.1\maven-repo\org\springframework\spring-web\5.3.10\spring-web-5.3.10.jar;D:\Environment\maven\apache-maven-3.8.1\maven-repo\org\springframework\spring-beans\5.3.10\spring-beans-5.3.10.jar;D:\Environment\maven\apache-maven-3.8.1\maven-repo\org\springframework\spring-webmvc\5.3.10\spring-webmvc-5.3.10.jar;D:\Environment\maven\apache-maven-3.8.1\maven-repo\org\springframework\spring-context\5.3.10\spring-context-5.3.10.jar;D:\Environment\maven\apache-maven-3.8.1\maven-repo\org\springframework\spring-expression\5.3.10\spring-expression-5.3.10.jar;D:\Environment\maven\apache-maven-3.8.1\maven-repo\org\mariadb\jdbc\mariadb-java-client\2.7.3\mariadb-java-client-2.7.3.jar;D:\Environment\maven\apache-maven-3.8.1\maven-repo\org\projectlombok\lombok\1.18.20\lombok-1.18.20.jar;D:\Environment\maven\apache-maven-3.8.1\maven-repo\org\springframework\boot\spring-boot-starter-test\2.5.5\spring-boot-starter-test-2.5.5.jar;D:\Environment\maven\apache-maven-3.8.1\maven-repo\org\springframework\boot\spring-boot-test\2.5.5\spring-boot-test-2.5.5.jar;D:\Environment\maven\apache-maven-3.8.1\maven-repo\org\springframework\boot\spring-boot-test-autoconfigure\2.5.5\spring-boot-test-autoconfigure-2.5.5.jar;D:\Environment\maven\apache-maven-3.8.1\maven-repo\com\jayway\jsonpath\json-path\2.5.0\json-path-2.5.0.jar;D:\Environment\maven\apache-maven-3.8.1\maven-repo\net\minidev\json-smart\2.4.7\json-smart-2.4.7.jar;D:\Environment\maven\apache-maven-3.8.1\maven-repo\net\minidev\accessors-smart\2.4.7\accessors-smart-2.4.7.jar;D:\Environment\maven\apache-maven-3.8.1\maven-repo\org\ow2\asm\asm\9.1\asm-9.1.jar;D:\Environment\maven\apache-maven-3.8.1\maven-repo\jakarta\xml\bind\jakarta.xml.bind-api\2.3.3\jakarta.xml.bind-api-2.3.3.jar;D:\Environment\maven\apache-maven-3.8.1\maven-repo\jakarta\activation\jakarta.activation-api\1.2.2\jakarta.activation-api-1.2.2.jar;D:\Environment\maven\apache-maven-3.8.1\maven-repo\org\assertj\assertj-core\3.19.0\assertj-core-3.19.0.jar;D:\Environment\maven\apache-maven-3.8.1\maven-repo\org\hamcrest\hamcrest\2.2\hamcrest-2.2.jar;D:\Environment\maven\apache-maven-3.8.1\maven-repo\org\junit\jupiter\junit-jupiter\5.7.2\junit-jupiter-5.7.2.jar;D:\Environment\maven\apache-maven-3.8.1\maven-repo\org\junit\jupiter\junit-jupiter-api\5.7.2\junit-jupiter-api-5.7.2.jar;D:\Environment\maven\apache-maven-3.8.1\maven-repo\org\apiguardian\apiguardian-api\1.1.0\apiguardian-api-1.1.0.jar;D:\Environment\maven\apache-maven-3.8.1\maven-repo\org\opentest4j\opentest4j\1.2.0\opentest4j-1.2.0.jar;D:\Environment\maven\apache-maven-3.8.1\maven-repo\org\junit\platform\junit-platform-commons\1.7.2\junit-platform-commons-1.7.2.jar;D:\Environment\maven\apache-maven-3.8.1\maven-repo\org\junit\jupiter\junit-jupiter-params\5.7.2\junit-jupiter-params-5.7.2.jar;D:\Environment\maven\apache-maven-3.8.1\maven-repo\org\junit\jupiter\junit-jupiter-engine\5.7.2\junit-jupiter-engine-5.7.2.jar;D:\Environment\maven\apache-maven-3.8.1\maven-repo\org\junit\platform\junit-platform-engine\1.7.2\junit-platform-engine-1.7.2.jar;D:\Environment\maven\apache-maven-3.8.1\maven-repo\org\mockito\mockito-core\3.9.0\mockito-core-3.9.0.jar;D:\Environment\maven\apache-maven-3.8.1\maven-repo\net\bytebuddy\byte-buddy\1.10.22\byte-buddy-1.10.22.jar;D:\Environment\maven\apache-maven-3.8.1\maven-repo\net\bytebuddy\byte-buddy-agent\1.10.22\byte-buddy-agent-1.10.22.jar;D:\Environment\maven\apache-maven-3.8.1\maven-repo\org\objenesis\objenesis\3.2\objenesis-3.2.jar;D:\Environment\maven\apache-maven-3.8.1\maven-repo\org\mockito\mockito-junit-jupiter\3.9.0\mockito-junit-jupiter-3.9.0.jar;D:\Environment\maven\apache-maven-3.8.1\maven-repo\org\skyscreamer\jsonassert\1.5.0\jsonassert-1.5.0.jar;D:\Environment\maven\apache-maven-3.8.1\maven-repo\com\vaadin\external\google\android-json\0.0.20131108.vaadin1\android-json-0.0.20131108.vaadin1.jar;D:\Environment\maven\apache-maven-3.8.1\maven-repo\org\springframework\spring-core\5.3.10\spring-core-5.3.10.jar;D:\Environment\maven\apache-maven-3.8.1\maven-repo\org\springframework\spring-jcl\5.3.10\spring-jcl-5.3.10.jar;D:\Environment\maven\apache-maven-3.8.1\maven-repo\org\springframework\spring-test\5.3.10\spring-test-5.3.10.jar;D:\Environment\maven\apache-maven-3.8.1\maven-repo\org\xmlunit\xmlunit-core\2.8.2\xmlunit-core-2.8.2.jar;D:\Environment\maven\apache-maven-3.8.1\maven-repo\org\mybatis\spring\boot\mybatis-spring-boot-starter\2.2.0\mybatis-spring-boot-starter-2.2.0.jar;D:\Environment\maven\apache-maven-3.8.1\maven-repo\org\springframework\boot\spring-boot-starter-jdbc\2.5.5\spring-boot-starter-jdbc-2.5.5.jar;D:\Environment\maven\apache-maven-3.8.1\maven-repo\com\zaxxer\HikariCP\4.0.3\HikariCP-4.0.3.jar;D:\Environment\maven\apache-maven-3.8.1\maven-repo\org\springframework\spring-jdbc\5.3.10\spring-jdbc-5.3.10.jar;D:\Environment\maven\apache-maven-3.8.1\maven-repo\org\springframework\spring-tx\5.3.10\spring-tx-5.3.10.jar;D:\Environment\maven\apache-maven-3.8.1\maven-repo\org\mybatis\spring\boot\mybatis-spring-boot-autoconfigure\2.2.0\mybatis-spring-boot-autoconfigure-2.2.0.jar;D:\Environment\maven\apache-maven-3.8.1\maven-repo\org\mybatis\mybatis\3.5.7\mybatis-3.5.7.jar;D:\Environment\maven\apache-maven-3.8.1\maven-repo\org\mybatis\mybatis-spring\2.0.6\mybatis-spring-2.0.6.jar;D:\Environment\maven\apache-maven-3.8.1\maven-repo\com\baomidou\mybatis-plus-boot-starter\3.4.3.1\mybatis-plus-boot-starter-3.4.3.1.jar;D:\Environment\maven\apache-maven-3.8.1\maven-repo\com\baomidou\mybatis-plus\3.4.3.1\mybatis-plus-3.4.3.1.jar;D:\Environment\maven\apache-maven-3.8.1\maven-repo\com\baomidou\mybatis-plus-extension\3.4.3.1\mybatis-plus-extension-3.4.3.1.jar;D:\Environment\maven\apache-maven-3.8.1\maven-repo\com\baomidou\mybatis-plus-core\3.4.3.1\mybatis-plus-core-3.4.3.1.jar;D:\Environment\maven\apache-maven-3.8.1\maven-repo\com\baomidou\mybatis-plus-annotation\3.4.3.1\mybatis-plus-annotation-3.4.3.1.jar;D:\Environment\maven\apache-maven-3.8.1\maven-repo\com\github\jsqlparser\jsqlparser\4.0\jsqlparser-4.0.jar;D:\Environment\maven\apache-maven-3.8.1\maven-repo\org\springframework\boot\spring-boot-autoconfigure\2.5.5\spring-boot-autoconfigure-2.5.5.jar;D:\Environment\maven\apache-maven-3.8.1\maven-repo\io\springfox\springfox-swagger2\2.7.0\springfox-swagger2-2.7.0.jar;D:\Environment\maven\apache-maven-3.8.1\maven-repo\io\swagger\swagger-annotations\1.5.13\swagger-annotations-1.5.13.jar;D:\Environment\maven\apache-maven-3.8.1\maven-repo\io\swagger\swagger-models\1.5.13\swagger-models-1.5.13.jar;D:\Environment\maven\apache-maven-3.8.1\maven-repo\com\fasterxml\jackson\core\jackson-annotations\2.12.5\jackson-annotations-2.12.5.jar;D:\Environment\maven\apache-maven-3.8.1\maven-repo\io\springfox\springfox-spi\2.7.0\springfox-spi-2.7.0.jar;D:\Environment\maven\apache-maven-3.8.1\maven-repo\io\springfox\springfox-core\2.7.0\springfox-core-2.7.0.jar;D:\Environment\maven\apache-maven-3.8.1\maven-repo\io\springfox\springfox-schema\2.7.0\springfox-schema-2.7.0.jar;D:\Environment\maven\apache-maven-3.8.1\maven-repo\io\springfox\springfox-swagger-common\2.7.0\springfox-swagger-common-2.7.0.jar;D:\Environment\maven\apache-maven-3.8.1\maven-repo\io\springfox\springfox-spring-web\2.7.0\springfox-spring-web-2.7.0.jar;D:\Environment\maven\apache-maven-3.8.1\maven-repo\org\reflections\reflections\0.9.11\reflections-0.9.11.jar;D:\Environment\maven\apache-maven-3.8.1\maven-repo\org\javassist\javassist\3.21.0-GA\javassist-3.21.0-GA.jar;D:\Environment\maven\apache-maven-3.8.1\maven-repo\com\google\guava\guava\18.0\guava-18.0.jar;D:\Environment\maven\apache-maven-3.8.1\maven-repo\com\fasterxml\classmate\1.5.1\classmate-1.5.1.jar;D:\Environment\maven\apache-maven-3.8.1\maven-repo\org\slf4j\slf4j-api\1.7.32\slf4j-api-1.7.32.jar;D:\Environment\maven\apache-maven-3.8.1\maven-repo\org\springframework\plugin\spring-plugin-core\1.2.0.RELEASE\spring-plugin-core-1.2.0.RELEASE.jar;D:\Environment\maven\apache-maven-3.8.1\maven-repo\org\springframework\plugin\spring-plugin-metadata\1.2.0.RELEASE\spring-plugin-metadata-1.2.0.RELEASE.jar;D:\Environment\maven\apache-maven-3.8.1\maven-repo\org\mapstruct\mapstruct\1.1.0.Final\mapstruct-1.1.0.Final.jar;D:\Environment\maven\apache-maven-3.8.1\maven-repo\io\springfox\springfox-swagger-ui\2.7.0\springfox-swagger-ui-2.7.0.jar;D:\Environment\maven\apache-maven-3.8.1\maven-repo\com\github\xiaoymin\swagger-bootstrap-ui\1.9.3\swagger-bootstrap-ui-1.9.3.jar;D:\Environment\maven\apache-maven-3.8.1\maven-repo\net\sf\json-lib\json-lib\2.4\json-lib-2.4-jdk13.jar;D:\Environment\maven\apache-maven-3.8.1\maven-repo\commons-beanutils\commons-beanutils\1.8.0\commons-beanutils-1.8.0.jar;D:\Environment\maven\apache-maven-3.8.1\maven-repo\commons-collections\commons-collections\3.2.1\commons-collections-3.2.1.jar;D:\Environment\maven\apache-maven-3.8.1\maven-repo\commons-lang\commons-lang\2.5\commons-lang-2.5.jar;D:\Environment\maven\apache-maven-3.8.1\maven-repo\commons-logging\commons-logging\1.1.1\commons-logging-1.1.1.jar;D:\Environment\maven\apache-maven-3.8.1\maven-repo\net\sf\ezmorph\ezmorph\1.0.6\ezmorph-1.0.6.jar;D:\Environment\maven\apache-maven-3.8.1\maven-repo\cn\hutool\hutool-all\5.7.7\hutool-all-5.7.7.jar;D:\Environment\maven\apache-maven-3.8.1\maven-repo\org\springframework\boot\spring-boot-starter-aop\2.5.5\spring-boot-starter-aop-2.5.5.jar;D:\Environment\maven\apache-maven-3.8.1\maven-repo\org\springframework\spring-aop\5.3.10\spring-aop-5.3.10.jar;D:\Environment\maven\apache-maven-3.8.1\maven-repo\org\aspectj\aspectjweaver\1.9.7\aspectjweaver-1.9.7.jar;"/>
    <property name="sun.cpu.endian" value="little"/>
    <property name="user.home" value="C:\Users\79014"/>
    <property name="user.language" value="zh"/>
    <property name="java.specification.vendor" value="Oracle Corporation"/>
    <property name="java.home" value="C:\Program Files\Java\jdk1.8.0_202\jre"/>
    <property name="basedir" value="D:\Desktop\Java学习代码\weaving"/>
    <property name="file.separator" value="\"/>
    <property name="line.separator" value="&#10;"/>
    <property name="java.vm.specification.vendor" value="Oracle Corporation"/>
    <property name="java.specification.name" value="Java Platform API Specification"/>
    <property name="java.awt.graphicsenv" value="sun.awt.Win32GraphicsEnvironment"/>
    <property name="surefire.real.class.path" value="C:\Users\79014\AppData\Local\Temp\surefire7690600854227319350\surefirebooter8275302815651563919.jar"/>
    <property name="sun.boot.class.path" value="C:\Program Files\Java\jdk1.8.0_202\jre\lib\resources.jar;C:\Program Files\Java\jdk1.8.0_202\jre\lib\rt.jar;C:\Program Files\Java\jdk1.8.0_202\jre\lib\sunrsasign.jar;C:\Program Files\Java\jdk1.8.0_202\jre\lib\jsse.jar;C:\Program Files\Java\jdk1.8.0_202\jre\lib\jce.jar;C:\Program Files\Java\jdk1.8.0_202\jre\lib\charsets.jar;C:\Program Files\Java\jdk1.8.0_202\jre\lib\jfr.jar;C:\Program Files\Java\jdk1.8.0_202\jre\classes"/>
    <property name="user.script" value=""/>
    <property name="sun.management.compiler" value="HotSpot 64-Bit Tiered Compilers"/>
    <property name="java.runtime.version" value="1.8.0_202-b08"/>
    <property name="user.name" value="79014"/>
    <property name="path.separator" value=";"/>
    <property name="os.version" value="10.0"/>
    <property name="java.endorsed.dirs" value="C:\Program Files\Java\jdk1.8.0_202\jre\lib\endorsed"/>
    <property name="java.runtime.name" value="Java(TM) SE Runtime Environment"/>
    <property name="file.encoding" value="GBK"/>
    <property name="java.vm.name" value="Java HotSpot(TM) 64-Bit Server VM"/>
    <property name="localRepository" value="D:\Environment\maven\apache-maven-3.8.1\maven-repo"/>
    <property name="java.vendor.url.bug" value="http://bugreport.sun.com/bugreport/"/>
    <property name="java.io.tmpdir" value="C:\Users\79014\AppData\Local\Temp\"/>
    <property name="idea.version" value="2020.3.2"/>
    <property name="java.version" value="1.8.0_202"/>
    <property name="user.dir" value="D:\Desktop\Java学习代码\weaving"/>
    <property name="os.arch" value="amd64"/>
    <property name="java.vm.specification.name" value="Java Virtual Machine Specification"/>
    <property name="java.awt.printerjob" value="sun.awt.windows.WPrinterJob"/>
    <property name="sun.os.patch.level" value=""/>
    <property name="java.library.path" value="C:\Program Files\Java\jdk1.8.0_202\jre\bin;C:\WINDOWS\Sun\Java\bin;C:\WINDOWS\system32;C:\WINDOWS;C:\Program Files (x86)\Common Files\Oracle\Java\javapath;C:\Windows\system32;C:\Windows;C:\Windows\System32\Wbem;C:\Windows\System32\WindowsPowerShell\v1.0\;C:\Program Files\IDM Computer Solutions\UltraEdit;C:\Program Files\NVIDIA Corporation\NVIDIA NvDLISR;C:\WINDOWS\system32;C:\WINDOWS;C:\WINDOWS\System32\Wbem;C:\WINDOWS\System32\WindowsPowerShell\v1.0\;C:\WINDOWS\System32\OpenSSH\;D:\Drupal\Extensions\php7_3_x64;D:\Drupal\Extensions\drush_10;C:\Program Files\Java\jdk1.8.0_202\bin;C:\Program Files\Java\jdk1.8.0_202\jre\bin;D;工具\Mysql\mysql-8.0.25-winx64\bin;D;\Program Files\Git\cmd;D:\Environment\maven\apache-maven-3.8.1\bin;D:\Environment\Node;D:\Environment\Node\;D:\MATLAB\runtime\win64;D:\MATLAB\bin;D:\工具\putty\;;;D:\Program Files\Git\cmd;C:\Program Files\MySQL\MySQL Shell 8.0\bin\;C:\Users\79014\AppData\Local\Microsoft\WindowsApps;C:\Users\79014\AppData\Local\Programs\Microsoft VS Code\bin;D:\Program Files\JetBrains\PhpStorm 2020.2.3\bin;;C:\Users\79014\AppData\Roaming\Composer\vendor\bin;D:\工具\IntelliJ IDEA 2020.3.2\bin;;D:\工具\IntelliJ IDEA 2020.3.2\Bandizip\;C:\Users\79014\AppData\Roaming\npm;D:\Works\DevEco Studio 3.0.0.600\bin;;D:\Works\altera\13.1\modelsim_ase\win32aloem;."/>
    <property name="java.vm.info" value="mixed mode"/>
    <property name="java.vendor" value="Oracle Corporation"/>
    <property name="java.vm.version" value="25.202-b08"/>
    <property name="java.ext.dirs" value="C:\Program Files\Java\jdk1.8.0_202\jre\lib\ext;C:\WINDOWS\Sun\Java\lib\ext"/>
    <property name="sun.io.unicode.encoding" value="UnicodeLittle"/>
    <property name="maven.repo.local" value="D:\Environment\maven\apache-maven-3.8.1\maven-repo"/>
    <property name="java.class.version" value="52.0"/>
  </properties>
  <testcase name="contextLoads" classname="com.wen.weaving.WeavingApplicationTests" time="0.369"/>
</testsuite>